<?xml version="1.0" encoding="UTF-8"?>
<testng-results ignored="0" total="1" passed="1" failed="0" skipped="0">
  <reporter-output>
  </reporter-output>
  <suite started-at="2022-06-06T11:10:55 IST" name="Default suite" finished-at="2022-06-06T11:11:07 IST" duration-ms="11708">
    <groups>
    </groups>
    <test started-at="2022-06-06T11:10:55 IST" name="Default test" finished-at="2022-06-06T11:11:07 IST" duration-ms="11708">
      <class name="ObjectValueComparison">
        <test-method signature="objectFieldComparison()[pri:0, instance:ObjectValueComparison@33990a0c]" started-at="2022-06-06T11:10:55 IST" name="objectFieldComparison" finished-at="2022-06-06T11:11:07 IST" duration-ms="11575" status="PASS">
          <reporter-output>
          </reporter-output>
        </test-method> <!-- objectFieldComparison -->
      </class> <!-- ObjectValueComparison -->
    </test> <!-- Default test -->
  </suite> <!-- Default suite -->
</testng-results>
